<?xml version="1.0" encoding="UTF-8"?>
<!-- Generated by org.testng.reporters.JUnitXMLReporter -->
<testsuite ignored="6" hostname="USPL-310" failures="1" tests="2" name="Book Appointment" time="52.75" errors="0" timestamp="2025-05-09T12:47:24 IST">
  <testcase classname="eCare.Test.DriverClass" name="OpdLabTechnician" time="33.294"/>
  <testcase classname="eCare.Test.DriverClass" name="Pathologist" time="15.553">
    <failure type="org.openqa.selenium.StaleElementReferenceException" message="stale element reference: stale element not found in the current frame
  (Session info: chrome=135.0.7049.52)
For documentation on this error, please visit: https://www.selenium.dev/documentation/webdriver/troubleshooting/errors#stale-element-reference-exception
Build info: version: &amp;apos;4.29.0&amp;apos;, revision: &amp;apos;5fc1ec94cb&amp;apos;
System info: os.name: &amp;apos;Linux&amp;apos;, os.arch: &amp;apos;amd64&amp;apos;, os.version: &amp;apos;5.15.0-136-generic&amp;apos;, java.version: &amp;apos;17.0.14&amp;apos;
Driver info: org.openqa.selenium.chrome.ChromeDriver
Command: [893ab73aa2647fb59c6e3ab416e99725, isElementDisplayed {id=f.B09C560C636138C6299E2711CEC6E332.d.161DDC08C811481940B959C56B6F345C.e.157}]
Capabilities {acceptInsecureCerts: false, browserName: chrome, browserVersion: 135.0.7049.52, chrome: {chromedriverVersion: 135.0.7049.114 (63fd8a7d9d0..., userDataDir: /tmp/.org.chromium.Chromium...}, fedcm:accounts: true, goog:chromeOptions: {debuggerAddress: localhost:34295}, networkConnectionEnabled: false, pageLoadStrategy: normal, platformName: linux, proxy: Proxy(), se:cdp: ws://localhost:34295/devtoo..., se:cdpVersion: 135.0.7049.52, setWindowRect: true, strictFileInteractability: false, timeouts: {implicit: 0, pageLoad: 300000, script: 30000}, unhandledPromptBehavior: dismiss and notify, webauthn:extension:credBlob: true, webauthn:extension:largeBlob: true, webauthn:extension:minPinLength: true, webauthn:extension:prf: true, webauthn:virtualAuthenticators: true}
Element: [[ChromeDriver: chrome on linux (893ab73aa2647fb59c6e3ab416e99725)] -&amp;gt; xpath: //span[contains(text(),&amp;apos;View Report&amp;apos;)]]
Session ID: 893ab73aa2647fb59c6e3ab416e99725">
      <![CDATA[org.openqa.selenium.StaleElementReferenceException: stale element reference: stale element not found in the current frame
  (Session info: chrome=135.0.7049.52)
For documentation on this error, please visit: https://www.selenium.dev/documentation/webdriver/troubleshooting/errors#stale-element-reference-exception
Build info: version: '4.29.0', revision: '5fc1ec94cb'
System info: os.name: 'Linux', os.arch: 'amd64', os.version: '5.15.0-136-generic', java.version: '17.0.14'
Driver info: org.openqa.selenium.chrome.ChromeDriver
Command: [893ab73aa2647fb59c6e3ab416e99725, isElementDisplayed {id=f.B09C560C636138C6299E2711CEC6E332.d.161DDC08C811481940B959C56B6F345C.e.157}]
Capabilities {acceptInsecureCerts: false, browserName: chrome, browserVersion: 135.0.7049.52, chrome: {chromedriverVersion: 135.0.7049.114 (63fd8a7d9d0..., userDataDir: /tmp/.org.chromium.Chromium...}, fedcm:accounts: true, goog:chromeOptions: {debuggerAddress: localhost:34295}, networkConnectionEnabled: false, pageLoadStrategy: normal, platformName: linux, proxy: Proxy(), se:cdp: ws://localhost:34295/devtoo..., se:cdpVersion: 135.0.7049.52, setWindowRect: true, strictFileInteractability: false, timeouts: {implicit: 0, pageLoad: 300000, script: 30000}, unhandledPromptBehavior: dismiss and notify, webauthn:extension:credBlob: true, webauthn:extension:largeBlob: true, webauthn:extension:minPinLength: true, webauthn:extension:prf: true, webauthn:virtualAuthenticators: true}
Element: [[ChromeDriver: chrome on linux (893ab73aa2647fb59c6e3ab416e99725)] -> xpath: //span[contains(text(),'View Report')]]
Session ID: 893ab73aa2647fb59c6e3ab416e99725
at org.openqa.selenium.remote.ErrorCodec.decode(ErrorCodec.java:167)
at org.openqa.selenium.remote.codec.w3c.W3CHttpResponseCodec.decode(W3CHttpResponseCodec.java:138)
at org.openqa.selenium.remote.codec.w3c.W3CHttpResponseCodec.decode(W3CHttpResponseCodec.java:50)
at org.openqa.selenium.remote.HttpCommandExecutor.execute(HttpCommandExecutor.java:215)
at org.openqa.selenium.remote.service.DriverCommandExecutor.invokeExecute(DriverCommandExecutor.java:216)
at org.openqa.selenium.remote.service.DriverCommandExecutor.execute(DriverCommandExecutor.java:174)
at org.openqa.selenium.remote.RemoteWebDriver.execute(RemoteWebDriver.java:545)
at org.openqa.selenium.remote.RemoteWebElement.execute(RemoteWebElement.java:223)
at org.openqa.selenium.remote.RemoteWebElement.isDisplayed(RemoteWebElement.java:282)
at org.openqa.selenium.support.ui.ExpectedConditions.elementIfVisible(ExpectedConditions.java:304)
at org.openqa.selenium.support.ui.ExpectedConditions$10.apply(ExpectedConditions.java:290)
at org.openqa.selenium.support.ui.ExpectedConditions$10.apply(ExpectedConditions.java:287)
at org.openqa.selenium.support.ui.ExpectedConditions$23.apply(ExpectedConditions.java:656)
at org.openqa.selenium.support.ui.ExpectedConditions$23.apply(ExpectedConditions.java:652)
at org.openqa.selenium.support.ui.FluentWait.until(FluentWait.java:203)
at eCare.AbstractComponent.AbstractComponents.waitForElementToClickable(AbstractComponents.java:98)
at eCare.PageObjects.PathologistPage.clickApproveBtn(PathologistPage.java:63)
at eCare.PageObjects.PathologistPage.clickViewReport(PathologistPage.java:56)
at eCare.PageObjects.PathologistPage.reportApproved(PathologistPage.java:75)
at eCare.Test.DriverClass.Pathologist(DriverClass.java:129)
at java.base/java.util.ArrayList.forEach(ArrayList.java:1511)
... Removed 32 stack frames]]>
    </failure>
  </testcase> <!-- Pathologist -->
  <testcase classname="eCare.Test.DriverClass" name="OpdLabBooking" time="0.0">
    <ignored/>
  </testcase> <!-- OpdLabBooking -->
  <testcase classname="eCare.Test.DriverClass" name="BookAppointment" time="0.0">
    <ignored/>
  </testcase> <!-- BookAppointment -->
  <testcase classname="eCare.Test.DriverClass" name="OpdLabPhlebotomist" time="0.0">
    <ignored/>
  </testcase> <!-- OpdLabPhlebotomist -->
  <testcase classname="eCare.Test.DriverClass" name="OpdLabFO" time="0.0">
    <ignored/>
  </testcase> <!-- OpdLabFO -->
  <testcase classname="eCare.Test.DriverClass" name="OpdPharmacyBooking" time="0.0">
    <ignored/>
  </testcase> <!-- OpdPharmacyBooking -->
  <testcase classname="eCare.Test.DriverClass" name="OpdDoctorFlow" time="0.0">
    <ignored/>
  </testcase> <!-- OpdDoctorFlow -->
</testsuite> <!-- Book Appointment -->
